make all --print-data-base --no-builtin-variables --no-builtin-rules --question
# GNU Make 3.81
# Copyright (C) 2006  Free Software Foundation, Inc.
# This is free software; see the source for copying conditions.
# There is NO warranty; not even for MERCHANTABILITY or FITNESS FOR A
# PARTICULAR PURPOSE.

# This program built for i386-apple-darwin11.3.0
 
make: *** No rule to make target `all'.  Stop.


# Make data base, printed on Tue Aug  2 14:40:48 2022

# Variables

# makefile (from `Makefile', line 66)
FILENAME = trainer
# automatic
<D = $(patsubst %/,%,$(dir $<))
# automatic
?F = $(notdir $?)
# environment
ELECTRON_NO_ATTACH_CONSOLE = 1
# environment
HOMEBREW_NO_ANALYTICS = 1
# environment
LC_CTYPE = UTF-8
# automatic
?D = $(patsubst %/,%,$(dir $?))
# automatic
@D = $(patsubst %/,%,$(dir $@))
# automatic
@F = $(notdir $@)
# makefile
CURDIR := /Users/alfredosuarez/code/alfredosa/TFM_PredictInProd
# makefile
SHELL = /bin/sh
# makefile (from `Makefile', line 2)
LOCAL_PATH = PATH_TO_FILE_train_1k.csv
# environment
VSCODE_NLS_CONFIG = {"locale":"en-gb","availableLanguages":{},"_languagePackSupport":true}
# makefile (from `Makefile', line 15)
BUCKET_FILE_NAME = $(shell basename ${LOCAL_PATH})
# environment
_ = /usr/bin/make
# environment
GOOGLE_APPLICATION_CREDENTIALS = /Users/alfredosuarez/code/alfredosa/gcp/taxifaremodel-357906-65931da38da7.json
# makefile (from `Makefile', line 1)
MAKEFILE_LIST :=  Makefile
# environment
__CFBundleIdentifier = com.microsoft.VSCode
# environment
VSCODE_CWD = /Users/alfredosuarez/code/alfredosa/TFM_PredictInProd
# environment
PATH = /usr/local/Caskroom/google-cloud-sdk/latest/google-cloud-sdk/bin:./bin:./node_modules/.bin:/Users/alfredosuarez/.pyenv/plugins/pyenv-virtualenv/shims:/Users/alfredosuarez/.rbenv/bin:/Users/alfredosuarez/.pyenv/plugins/pyenv-virtualenv/shims:/Users/alfredosuarez/.pyenv/shims:/Users/alfredosuarez/.pyenv/bin:/usr/local/bin:/usr/bin:/bin:/usr/sbin:/sbin:/Library/Apple/usr/bin:/usr/local/sbin
# environment
LSCOLORS = Gxfxcxdxbxegedabagacad
# environment
VIRTUAL_ENV = /Users/alfredosuarez/.pyenv/versions/3.8.12/envs/lewagon
# makefile (from `Makefile', line 61)
RUNTIME_VERSION = 2.2
# environment
LaunchInstanceID = E9A8D7B9-932D-4050-BE9B-9120562CFC42
# environment
ELECTRON_RUN_AS_NODE = 1
# environment
PYENV_ROOT = /Users/alfredosuarez/.pyenv
# default
.FEATURES := target-specific order-only second-expansion else-if archives jobserver check-symlink
# environment
SSH_AUTH_SOCK = /private/tmp/com.apple.launchd.ZwGyNXWP3S/Listeners
# automatic
%F = $(notdir $%)
# environment
PWD = /Users/alfredosuarez/code/alfredosa/TFM_PredictInProd
# environment
ORIGINAL_XDG_CURRENT_DESKTOP = undefined
# environment
VSCODE_AMD_ENTRYPOINT = vs/workbench/api/node/extensionHostProcess
# environment
PYENV_SHELL = zsh
# environment
HOME = /Users/alfredosuarez
# default
MAKEFILEPATH = $(shell /usr/bin/xcode-select -print-path 2>/dev/null || echo /Developer)/Makefiles
# environment
VSCODE_CLI = 1
# environment
VSCODE_CODE_CACHE_PATH = /Users/alfredosuarez/Library/Application Support/Code/CachedData/3b889b090b5ad5793f524b5d1d39fda662b96a2a
# environment
LOGNAME = alfredosuarez
# environment
BUNDLER_EDITOR = code
# environment
APPLICATION_INSIGHTS_NO_DIAGNOSTIC_CHANNEL = true
# environment
PYTHONBREAKPOINT = ipdb.set_trace
# environment
VSCODE_HANDLES_UNCAUGHT_ERRORS = true
# automatic
^D = $(patsubst %/,%,$(dir $^))
# environment
XPC_FLAGS = 0x0
# default
MAKE = $(MAKE_COMMAND)
# default
MAKECMDGOALS := all
# environment
SHLVL = 3
# default
MAKE_VERSION := 3.81
# environment
USER = alfredosuarez
# makefile
.DEFAULT_GOAL := set_project
# environment
TERM_SESSION_ID = 29E8E3C5-E186-4F9F-83CB-4DDC93A40E0B
# environment
LESS = -R
# automatic
%D = $(patsubst %/,%,$(dir $%))
# makefile (from `Makefile', line 59)
PYTHON_VERSION = 3.7
# default
MAKE_COMMAND := /Library/Developer/CommandLineTools/usr/bin/make
# environment
TERM_PROGRAM = Apple_Terminal
# default
.VARIABLES := 
# environment
TMPDIR = /var/folders/d_/6rrl_4p55f945ddjl81xl45m0000gn/T/
# automatic
*F = $(notdir $*)
# environment
VSCODE_IPC_HOOK = /Users/alfredosuarez/Library/Application Support/Code/1.69.2-main.sock
# environment
MallocNanoZone = 0
# environment
PYTHONPATH = /Users/alfredosuarez/code/alfredosa/data-challenges/04-Decision-Science:
# makefile
MAKEFLAGS = Rrqp
# environment
MFLAGS = -Rrqp
# automatic
*D = $(patsubst %/,%,$(dir $*))
# environment
TERM_PROGRAM_VERSION = 443
# environment
NVM_DIR = /Users/alfredosuarez/.nvm
# environment
XPC_SERVICE_NAME = application.com.microsoft.VSCode.19658390.19658396.E796F7B3-5CC7-404D-AE0A-838961329155
# automatic
+D = $(patsubst %/,%,$(dir $+))
# makefile (from `Makefile', line 11)
BUCKET_FOLDER = data
# automatic
+F = $(notdir $+)
# makefile (from `Makefile', line 17)
REGION = europe-west1
# makefile (from `Makefile', line 8)
BUCKET_NAME = model_taxifaremodel357906
# makefile (from `Makefile', line 65)
PACKAGE_NAME = TaxiFareModel
# environment
__CF_USER_TEXT_ENCODING = 0x1F5:0x0:0x2
# environment
COMMAND_MODE = unix2003
# default
MAKEFILES := 
# automatic
<F = $(notdir $<)
# makefile (from `Makefile', line 60)
FRAMEWORK = scikit-learn
# environment
EDITOR = code
# environment
PAGER = less
# environment
LC_ALL = C
# environment
PYENV_VIRTUALENV_DISABLE_PROMPT = 1
# environment
PYENV_VIRTUAL_ENV = /Users/alfredosuarez/.pyenv/versions/3.8.12/envs/lewagon
# environment
SECURITYSESSIONID = 186b2
# automatic
^F = $(notdir $^)
# default
SUFFIXES := 
# makefile (from `Makefile', line 5)
PROJECT_ID = taxifaremodel-357906
# environment
PYENV_VIRTUALENV_INIT = 1
# default
.INCLUDE_DIRS = /usr/local/include
# makefile (from `Makefile', line 70)
JOB_NAME = taxi_fare_training_pipeline_$(shell date +'%Y%m%d_%H%M%S')
# environment
MAKELEVEL := 0
# environment
LANG = C
# environment
TERM = xterm-256color
# makefile (from `Makefile', line 47)
BUCKET_TRAINING_FOLDER = 'trainings'
# environment
VSCODE_PID = 3425
# variable set hash-table stats:
# Load=96/1024=9%, Rehash=0, Collisions=3/120=2%

# Pattern-specific Variable Values

# No pattern-specific variable values.

# Directories

# . (device 16777234, inode 19956830): 16 files, no impossibilities.

# 16 files, no impossibilities in 1 directories.

# Implicit Rules

# No implicit rules.

# Files

# Not a target:
all:
#  Command-line target.
#  Implicit rule search has been done.
#  File does not exist.
#  File has not been updated.
# variable set hash-table stats:
# Load=0/32=0%, Rehash=0, Collisions=0/0=0%

# Not a target:
.SUFFIXES:
#  Implicit rule search has not been done.
#  Modification time never checked.
#  File has not been updated.

# Not a target:
Makefile:
#  Implicit rule search has been done.
#  Last modified 2022-08-01 17:28:31
#  File has been updated.
#  Successfully updated.
# variable set hash-table stats:
# Load=0/32=0%, Rehash=0, Collisions=0/0=0%

gcp_submit_training:
#  Implicit rule search has not been done.
#  Modification time never checked.
#  File has not been updated.
#  commands to execute (from `Makefile', line 77):
	gcloud ai-platform jobs submit training ${JOB_NAME} \
	--job-dir gs://${BUCKET_NAME}/${BUCKET_TRAINING_FOLDER} \
	--package-path ${PACKAGE_NAME} \
	--module-name ${PACKAGE_NAME}.${FILENAME} \
	--python-version=${PYTHON_VERSION} \
	--runtime-version=${RUNTIME_VERSION} \
	--region ${REGION} \
	--stream-logs
	

upload_data:
#  Implicit rule search has not been done.
#  Modification time never checked.
#  File has not been updated.
#  commands to execute (from `Makefile', line 26):
	-@gsutil cp ${LOCAL_PATH} gs://${BUCKET_NAME}/${BUCKET_FOLDER}/${BUCKET_FILE_NAME}
	

set_project:
#  Implicit rule search has not been done.
#  Modification time never checked.
#  File has not been updated.
#  commands to execute (from `Makefile', line 20):
	-@gcloud config set project ${PROJECT_ID}
	

# Not a target:
.DEFAULT:
#  Implicit rule search has not been done.
#  Modification time never checked.
#  File has not been updated.

create_bucket:
#  Implicit rule search has not been done.
#  Modification time never checked.
#  File has not been updated.
#  commands to execute (from `Makefile', line 23):
	-@gsutil mb -l ${REGION} -p ${PROJECT_ID} gs://${BUCKET_NAME}
	

clean:
#  Implicit rule search has not been done.
#  Modification time never checked.
#  File has not been updated.
#  commands to execute (from `Makefile', line 87):
	@rm -f */version.txt
	@rm -f .coverage
	@rm -fr */__pycache__ __pycache__
	@rm -fr build dist *.dist-info *.egg-info
	@rm -fr */*.pyc
	

run_locally:
#  Implicit rule search has not been done.
 
#  Modification time never checked.
#  File has not been updated.
#  commands to execute (from `Makefile', line 74):
	@python -m ${PACKAGE_NAME}.${FILENAME}
	

run_api:
#  Implicit rule search has not been done.
#  Modification time never checked.
#  File has not been updated.
#  commands to execute (from `Makefile', line 97):
	uvicorn api.fast:app --reload  # load web server with code autoreload
	

# files hash-table stats:
# Load=11/1024=1%, Rehash=0, Collisions=0/23=0%
# VPATH Search Paths

# No `vpath' search paths.

# No general (`VPATH' variable) search path.

# # of strings in strcache: 1
# # of strcache buffers: 1
 
# strcache size: total = 4096 / max = 4096 / min = 4096 / avg = 4096
# strcache free: total = 4087 / max = 4087 / min = 4087 / avg = 4087

# Finished Make data base on Tue Aug  2 14:40:48 2022

 
